:: Updating git submodules
:: Building binary
github.com/skycoin/skycoin (download)
github.com/skycoin/skycoin/vendor/github.com/hashicorp/hcl/hcl/strconv
github.com/skycoin/skycoin/src/cipher/poly1305
github.com/skycoin/skycoin/src/cipher/ripemd160
github.com/skycoin/skycoin/vendor/github.com/mattn/go-isatty
github.com/skycoin/skycoin/src/cipher/chacha20poly1305/internal/chacha20
github.com/skycoin/skycoin/src/util/timeutil
github.com/skycoin/skycoin/src/cipher/pbkdf2
github.com/skycoin/skycoin/vendor/github.com/beorn7/perks/quantile
github.com/skycoin/skycoin/vendor/github.com/blang/semver
github.com/skycoin/skycoin/vendor/golang.org/x/sys/unix
github.com/skycoin/skycoin/src/cipher/base58
github.com/skycoin/skycoin/vendor/github.com/mattn/go-colorable
github.com/skycoin/skycoin/src/cipher/encoder
github.com/skycoin/skycoin/src/cipher/secp256k1-go/secp256k1-go2
github.com/skycoin/skycoin/vendor/golang.org/x/net/context
github.com/skycoin/skycoin/vendor/github.com/mgutz/ansi
github.com/skycoin/skycoin/vendor/github.com/shopspring/decimal
github.com/skycoin/skycoin/vendor/github.com/cenkalti/backoff
github.com/skycoin/skycoin/src/util/iputil
github.com/skycoin/skycoin/src/util/useragent
github.com/skycoin/skycoin/vendor/github.com/boltdb/bolt
github.com/skycoin/skycoin/src/cipher/chacha20poly1305
github.com/skycoin/skycoin/src/cipher/scrypt
github.com/skycoin/skycoin/vendor/github.com/NYTimes/gziphandler
github.com/skycoin/skycoin/vendor/github.com/golang/protobuf/proto
github.com/skycoin/skycoin/vendor/github.com/prometheus/common/internal/bitbucket.org/ww/goautoneg
github.com/skycoin/skycoin/vendor/github.com/prometheus/common/model
github.com/skycoin/skycoin/vendor/github.com/prometheus/procfs/internal/util
github.com/skycoin/skycoin/vendor/github.com/rs/cors
github.com/skycoin/skycoin/vendor/github.com/prometheus/procfs/nfs
github.com/skycoin/skycoin/vendor/github.com/prometheus/procfs/xfs
github.com/skycoin/skycoin/src/util/apputil
github.com/skycoin/skycoin/vendor/github.com/hashicorp/hcl/hcl/token
github.com/skycoin/skycoin/vendor/github.com/prometheus/procfs
github.com/skycoin/skycoin/vendor/github.com/magiconair/properties
github.com/skycoin/skycoin/vendor/github.com/hashicorp/hcl/hcl/ast
github.com/skycoin/skycoin/vendor/golang.org/x/crypto/ssh/terminal
github.com/skycoin/skycoin/vendor/github.com/fsnotify/fsnotify
github.com/skycoin/skycoin/vendor/github.com/hashicorp/hcl/hcl/scanner
github.com/skycoin/skycoin/vendor/github.com/hashicorp/hcl/json/token
github.com/skycoin/skycoin/vendor/github.com/hashicorp/hcl/hcl/parser
github.com/skycoin/skycoin/vendor/github.com/hashicorp/hcl/json/scanner
github.com/skycoin/skycoin/vendor/github.com/mitchellh/mapstructure
github.com/skycoin/skycoin/vendor/github.com/sirupsen/logrus
github.com/skycoin/skycoin/vendor/github.com/hashicorp/hcl/json/parser
github.com/skycoin/skycoin/vendor/github.com/hashicorp/hcl/hcl/printer
github.com/skycoin/skycoin/vendor/github.com/pelletier/go-toml
github.com/skycoin/skycoin/vendor/github.com/spf13/afero/mem
github.com/skycoin/skycoin/vendor/github.com/hashicorp/hcl
github.com/skycoin/skycoin/vendor/golang.org/x/text/transform
github.com/skycoin/skycoin/vendor/github.com/spf13/cast
github.com/skycoin/skycoin/vendor/github.com/spf13/jwalterweatherman
github.com/skycoin/skycoin/src/util/logging
github.com/skycoin/skycoin/vendor/github.com/spf13/pflag
github.com/skycoin/skycoin/vendor/golang.org/x/text/unicode/norm
github.com/skycoin/skycoin/vendor/gopkg.in/yaml.v2
github.com/skycoin/skycoin/vendor/github.com/toqueteos/webbrowser
github.com/skycoin/skycoin/src/daemon/strand
github.com/skycoin/skycoin/src/util/elapse
github.com/skycoin/skycoin/src/util/file
github.com/skycoin/skycoin/src/util/droplet
github.com/skycoin/skycoin/src/daemon/gnet
github.com/skycoin/skycoin/src/daemon/pex
github.com/skycoin/skycoin/src/visor/dbutil
github.com/skycoin/skycoin/vendor/github.com/prometheus/client_model/go
github.com/skycoin/skycoin/vendor/github.com/matttproud/golang_protobuf_extensions/pbutil
github.com/skycoin/skycoin/src/util/certutil
github.com/skycoin/skycoin/vendor/github.com/spf13/afero
github.com/skycoin/skycoin/vendor/github.com/prometheus/common/expfmt
github.com/skycoin/skycoin/vendor/github.com/prometheus/client_golang/prometheus
github.com/skycoin/skycoin/src/cipher/secp256k1-go
github.com/skycoin/skycoin/vendor/github.com/spf13/viper
github.com/skycoin/skycoin/src/cipher
github.com/skycoin/skycoin/src/util/http
github.com/skycoin/skycoin/src/cipher/go-bip39
github.com/skycoin/skycoin/src/cipher/encrypt
github.com/skycoin/skycoin/src/coin
github.com/skycoin/skycoin/src/params
github.com/skycoin/skycoin/src/util/fee
github.com/skycoin/skycoin/src/visor/historydb
github.com/skycoin/skycoin/src/visor/blockdb
github.com/skycoin/skycoin/src/wallet
github.com/skycoin/skycoin/vendor/github.com/prometheus/client_golang/prometheus/promhttp
github.com/skycoin/skycoin/src/visor
github.com/skycoin/skycoin/src/daemon
github.com/skycoin/skycoin/src/readable
github.com/skycoin/skycoin/src/api/webrpc
github.com/skycoin/skycoin/src/api
github.com/skycoin/skycoin/src/skycoin
skycoin/cmd/skycoin
:: Building binary
skycoin/vendor/github.com/urfave/cli
skycoin/cmd/newcoin
:: Building binary
skycoin/cmd/cli
:: Building binary
github.com/skycoin/skycoin/src/cipher/testsuite
skycoin/cmd/cipher-testdata
